<?xml version="1.0" encoding="UTF-8"?>
<!-- Generated by org.testng.reporters.JUnitReportReporter -->
<testsuite hostname="DESKTOP-8O5OB5B" failures="0" tests="4" name="testng.MyTestClass2" time="0.033" errors="0" timestamp="2019-09-08T00:16:26 EDT" skipped="0">
  <testcase classname="testng.MyTestClass2" name="myTestMethod3" time="0.002"/>
  <testcase classname="testng.MyTestClass2" name="myTestMethod4" time="0.006"/>
  <testcase classname="testng.MyTestClass2" name="myTestMethod4" time="0.008"/>
  <testcase classname="testng.MyTestClass2" name="myTestMethod3" time="0.017"/>
</testsuite> <!-- testng.MyTestClass2 -->
