<?xml version="1.0" encoding="UTF-8"?>
<!-- Generated by org.testng.reporters.JUnitReportReporter -->
<testsuite hostname="DESKTOP-8O5OB5B" failures="0" tests="2" name="testng.MyTestClass1" time="0.008" errors="0" timestamp="2019-09-08T00:16:26 EDT" skipped="0">
  <testcase classname="testng.MyTestClass1" name="myTestMethod2" time="0.003"/>
  <testcase classname="testng.MyTestClass1" name="myTestMethod1" time="0.005"/>
</testsuite> <!-- testng.MyTestClass1 -->
